[09-Feb-2018 01:48:44 CST6CDT] mail() on [/home/roomzetu/public_html/app/src/save.php:333]: To: alex@laceltech.com -- Headers: From: RESEVATIONS SYSTEM <nyagoalex@gmail.com>   MIME-Version: 1.0  Content-type: text/html; charset=iso-8859-1
[09-Feb-2018 02:11:43 CST6CDT] mail() on [/home/roomzetu/public_html/app/src/save.php:343]: To: alex@laceltech.com -- Headers: From: ROOMZETU <support@laceltech.com>   Reply-to: noreply  MIME-Version: 1.0  Content-type: text/html; charset=iso-8859-1
[09-Feb-2018 02:15:52 CST6CDT] mail() on [/home/roomzetu/public_html/app/src/save.php:343]: To: alex@laceltech.com -- Headers: From: ROOMZETU <support@laceltech.com>   Reply-to: noreply  MIME-Version: 1.0  Content-type: text/html; charset=iso-8859-1
[09-Feb-2018 02:29:02 CST6CDT] mail() on [/home/roomzetu/public_html/app/src/save.php:346]: To: alex@laceltech.com -- Headers: From: Roomzetu <support@laceltech.com>   Reply-to: noreply  MIME-Version: 1.0  Content-type: text/html; charset=iso-8859-1
[09-Feb-2018 02:30:44 CST6CDT] mail() on [/home/roomzetu/public_html/app/src/save.php:346]: To: alex@laceltech.com -- Headers: From: Roomzetu <support@laceltech.com>   Reply-to: noreply  MIME-Version: 1.0  Content-type: text/html; charset=iso-8859-1
[09-Feb-2018 02:31:46 CST6CDT] mail() on [/home/roomzetu/public_html/app/src/save.php:346]: To: alex@laceltech.com -- Headers: From: Roomzetu <support@laceltech.com>   Reply-to: noreply  MIME-Version: 1.0  Content-type: text/html; charset=iso-8859-1
[09-Feb-2018 02:33:07 CST6CDT] mail() on [/home/roomzetu/public_html/app/src/save.php:346]: To: alex@laceltech.com -- Headers: From: Roomzetu <support@laceltech.com>   Reply-to: noreply  MIME-Version: 1.0  Content-type: text/html; charset=iso-8859-1
[09-Feb-2018 02:36:43 CST6CDT] mail() on [/home/roomzetu/public_html/app/src/save.php:346]: To: alex@laceltech.com -- Headers: From: Roomzetu <support@laceltech.com>   Reply-to: noreply  MIME-Version: 1.0  Content-type: text/html; charset=iso-8859-1
[09-Feb-2018 02:38:57 CST6CDT] mail() on [/home/roomzetu/public_html/app/src/save.php:346]: To: alex@laceltech.com -- Headers: From: Roomzetu <support@laceltech.com>   Reply-to: noreply  MIME-Version: 1.0  Content-type: text/html; charset=iso-8859-1
[09-Feb-2018 02:41:15 CST6CDT] mail() on [/home/roomzetu/public_html/app/src/save.php:346]: To: alex@laceltech.com -- Headers: From: Roomzetu <support@laceltech.com>   Reply-to: noreply  MIME-Version: 1.0  Content-type: text/html; charset=iso-8859-1
[09-Feb-2018 02:45:48 CST6CDT] mail() on [/home/roomzetu/public_html/app/src/save.php:346]: To: alex@laceltech.com -- Headers: From: Roomzetu <support@laceltech.com>   Reply-to: noreply  MIME-Version: 1.0  Content-type: text/html; charset=iso-8859-1
[09-Feb-2018 02:54:29 CST6CDT] mail() on [/home/roomzetu/public_html/app/src/save.php:347]: To: alex@laceltech.com -- Headers: From: Roomzetu <support@laceltech.com>   Reply-to: noreply  MIME-Version: 1.0  Content-type: text/html; charset=iso-8859-1
[09-Feb-2018 02:56:42 CST6CDT] mail() on [/home/roomzetu/public_html/app/src/save.php:347]: To: alex@laceltech.com -- Headers: From: Roomzetu <support@laceltech.com>   Reply-to: noreply  MIME-Version: 1.0  Content-type: text/html; charset=iso-8859-1
[09-Feb-2018 02:58:43 CST6CDT] mail() on [/home/roomzetu/public_html/app/src/save.php:347]: To: alex@laceltech.com -- Headers: From: Roomzetu <support@laceltech.com>   Reply-to: noreply  MIME-Version: 1.0  Content-type: text/html; charset=iso-8859-1
[09-Feb-2018 03:00:29 CST6CDT] mail() on [/home/roomzetu/public_html/app/src/save.php:347]: To: alex@laceltech.com -- Headers: From: Roomzetu <support@laceltech.com>   Reply-to: noreply  MIME-Version: 1.0  Content-type: text/html; charset=iso-8859-1
[09-Feb-2018 03:57:40 CST6CDT] mail() on [/home/roomzetu/public_html/app/src/get_dash.php:296]: To: alex@laceltech.com -- Headers: From: Roomzetu <support@laceltech.com>   Reply-to: noreply  MIME-Version: 1.0  Content-type: text/html; charset=iso-8859-1
[09-Feb-2018 04:05:47 CST6CDT] mail() on [/home/roomzetu/public_html/app/src/get_dash.php:296]: To: alex@laceltech.com -- Headers: From: Roomzetu <support@laceltech.com>   Reply-to: noreply  MIME-Version: 1.0  Content-type: text/html; charset=iso-8859-1
[09-Feb-2018 04:31:22 CST6CDT] mail() on [/home/roomzetu/public_html/app/src/get_dash.php:295]: To: alex@laceltech.com -- Headers: From: Roomzetu <support@laceltech.com>   Reply-to: noreply  MIME-Version: 1.0  Content-type: text/html; charset=iso-8859-1
[09-Feb-2018 04:50:18 CST6CDT] mail() on [/home/roomzetu/public_html/app/src/get_dash.php:314]: To: alex@laceltech.com -- Headers: Reply-to: noreply  MIME-Version: 1.0  Content-type: text/html; charset=iso-8859-1
[09-Feb-2018 04:52:48 CST6CDT] mail() on [/home/roomzetu/public_html/app/src/get_dash.php:326]: To: alex@laceltech.com -- Headers: Reply-to: noreply  MIME-Version: 1.0  Content-type: text/html; charset=iso-8859-1
[09-Feb-2018 04:57:00 CST6CDT] mail() on [/home/roomzetu/public_html/app/src/get_dash.php:326]: To: alex@laceltech.com -- Headers: Reply-to: noreply  MIME-Version: 1.0  Content-type: text/html; charset=iso-8859-1
[09-Feb-2018 05:02:46 CST6CDT] mail() on [/home/roomzetu/public_html/app/src/get_dash.php:328]: To: alex@laceltech.com -- Headers: Reply-to: noreply  MIME-Version: 1.0  Content-type: text/html; charset=iso-8859-1
[09-Feb-2018 05:04:13 CST6CDT] mail() on [/home/roomzetu/public_html/app/src/get_dash.php:328]: To: alex@laceltech.com -- Headers: Reply-to: noreply  MIME-Version: 1.0  Content-type: text/html; charset=iso-8859-1
[09-Feb-2018 05:05:29 CST6CDT] mail() on [/home/roomzetu/public_html/app/src/get_dash.php:328]: To: alex@laceltech.com -- Headers: Reply-to: noreply  MIME-Version: 1.0  Content-type: text/html; charset=iso-8859-1
[09-Feb-2018 05:18:55 CST6CDT] mail() on [/home/roomzetu/public_html/app/src/get_dash.php:328]: To: alex@laceltech.com -- Headers: Reply-to: noreply  MIME-Version: 1.0  Content-type: text/html; charset=iso-8859-1
[09-Feb-2018 05:29:53 CST6CDT] mail() on [/home/roomzetu/public_html/app/src/save.php:167]: To: alex@laceltech.com -- Headers: From: Roomzetu <support@laceltech.com>   Reply-to: noreply  MIME-Version: 1.0  Content-type: text/html; charset=iso-8859-1
[09-Feb-2018 05:29:53 CST6CDT] mail() on [/home/roomzetu/public_html/app/src/save.php:211]: To: alex@laceltech.com -- Headers: Reply-to: noreply  MIME-Version: 1.0  Content-type: text/html; charset=iso-8859-1
[09-Feb-2018 05:30:02 CST6CDT] mail() on [/home/roomzetu/public_html/app/src/get_dash.php:328]: To: alex@laceltech.com -- Headers: Reply-to: noreply  MIME-Version: 1.0  Content-type: text/html; charset=iso-8859-1
[09-Feb-2018 05:51:44 CST6CDT] mail() on [/home/roomzetu/public_html/app/src/save.php:174]: To: alex@laceltech.com,nyagoalex@gmail.com -- Headers: From: Roomzetu <support@laceltech.com>   Reply-to: noreply  MIME-Version: 1.0  Content-type: text/html; charset=iso-8859-1
[09-Feb-2018 05:51:44 CST6CDT] mail() on [/home/roomzetu/public_html/app/src/save.php:212]: To: alex@laceltech.com -- Headers: Reply-to: noreply  MIME-Version: 1.0  Content-type: text/html; charset=iso-8859-1
[09-Feb-2018 06:23:51 CST6CDT] mail() on [/home/roomzetu/public_html/app/src/save.php:180]: To: 6e78334acd100ccf25e8b7d3cd46e38ce442b673,nyagoalex@gmail.com -- Headers: From: Roomzetu <support@laceltech.com>   Reply-to: noreply  MIME-Version: 1.0  Content-type: text/html; charset=iso-8859-1
[09-Feb-2018 06:23:52 CST6CDT] mail() on [/home/roomzetu/public_html/app/src/save.php:218]: To: alex@laceltech.com -- Headers: Reply-to: noreply  MIME-Version: 1.0  Content-type: text/html; charset=iso-8859-1
[09-Feb-2018 06:39:18 CST6CDT] mail() on [/home/roomzetu/public_html/app/src/save.php:180]: To: alex@laceltech.com,nyagoalex@gmail.com -- Headers: From: Roomzetu <support@laceltech.com>   Reply-to: noreply  MIME-Version: 1.0  Content-type: text/html; charset=iso-8859-1
[09-Feb-2018 06:39:18 CST6CDT] mail() on [/home/roomzetu/public_html/app/src/save.php:218]: To: alex@laceltech.com -- Headers: Reply-to: noreply  MIME-Version: 1.0  Content-type: text/html; charset=iso-8859-1
[09-Feb-2018 06:41:24 CST6CDT] mail() on [/home/roomzetu/public_html/app/src/save.php:450]: To: alex@laceltech.com -- Headers: From: Roomzetu <support@laceltech.com>   Reply-to: noreply  MIME-Version: 1.0  Content-type: text/html; charset=iso-8859-1
[09-Feb-2018 07:16:54 CST6CDT] mail() on [/home/roomzetu/public_html/app/src/save.php:451]: To: alex@laceltech.com -- Headers: From: Roomzetu <support@laceltech.com>   Reply-to: noreply  MIME-Version: 1.0  Content-type: text/html; charset=iso-8859-1
[09-Feb-2018 08:45:08 CST6CDT] mail() on [/home/roomzetu/public_html/app/src/save.php:180]: To: ssekaibrahim@gmail.com,ibrahim@laceltech.com -- Headers: From: Roomzetu <support@laceltech.com>   Reply-to: noreply  MIME-Version: 1.0  Content-type: text/html; charset=iso-8859-1
[09-Feb-2018 08:45:09 CST6CDT] mail() on [/home/roomzetu/public_html/app/src/save.php:218]: To: alex@laceltech.com -- Headers: Reply-to: noreply  MIME-Version: 1.0  Content-type: text/html; charset=iso-8859-1
[12-Feb-2018 05:40:21 CST6CDT] mail() on [/home/roomzetu/public_html/app/src/save.php:180]: To: nyagoalex@gmail.com,alex@laceltech.com -- Headers: From: Roomzetu <support@laceltech.com>   Reply-to: noreply  MIME-Version: 1.0  Content-type: text/html; charset=iso-8859-1
[12-Feb-2018 05:40:21 CST6CDT] mail() on [/home/roomzetu/public_html/app/src/save.php:218]: To: alex@laceltech.com -- Headers: Reply-to: noreply  MIME-Version: 1.0  Content-type: text/html; charset=iso-8859-1
[13-Feb-2018 03:41:08 CST6CDT] mail() on [/home/roomzetu/public_html/app/src/save.php:180]: To: aedgar888@gmail.com,edgar@laceltech.com -- Headers: From: Roomzetu <support@laceltech.com>   Reply-to: noreply  MIME-Version: 1.0  Content-type: text/html; charset=iso-8859-1
[13-Feb-2018 03:41:08 CST6CDT] mail() on [/home/roomzetu/public_html/app/src/save.php:218]: To: alex@laceltech.com -- Headers: Reply-to: noreply  MIME-Version: 1.0  Content-type: text/html; charset=iso-8859-1
